2025-12-01 20:31:28.166 [restartedMain] INFO  com.example.demo.DemoApplication - Starting DemoApplication using Java 21.0.8 with PID 4036 (E:\Workspace\TrackSound\demo\target\classes started by Viet Anh in E:\Workspace\TrackSound\demo)
2025-12-01 20:31:28.193 [restartedMain] INFO  com.example.demo.DemoApplication - No active profile set, falling back to 1 default profile: "default"
2025-12-01 20:31:28.262 [restartedMain] INFO  o.s.b.d.e.DevToolsPropertyDefaultsPostProcessor - Devtools property defaults active! Set 'spring.devtools.add-properties' to 'false' to disable
2025-12-01 20:31:28.263 [restartedMain] INFO  o.s.b.d.e.DevToolsPropertyDefaultsPostProcessor - For additional web related logging consider setting the 'logging.level.web' property to 'DEBUG'
2025-12-01 20:31:29.761 [restartedMain] INFO  o.s.b.w.e.tomcat.TomcatWebServer - Tomcat initialized with port 8080 (http)
2025-12-01 20:31:29.784 [restartedMain] INFO  o.a.catalina.core.StandardService - Starting service [Tomcat]
2025-12-01 20:31:29.785 [restartedMain] INFO  o.a.catalina.core.StandardEngine - Starting Servlet engine: [Apache Tomcat/10.1.25]
2025-12-01 20:31:29.886 [restartedMain] INFO  o.a.c.c.C.[.[localhost].[/api] - Initializing Spring embedded WebApplicationContext
2025-12-01 20:31:29.887 [restartedMain] INFO  o.s.b.w.s.c.ServletWebServerApplicationContext - Root WebApplicationContext: initialization completed in 1623 ms
2025-12-01 20:31:30.059 [restartedMain] INFO  c.e.demo.firebase.FirebaseConfig - Initializing Firebase with service account: tracksound-93a54-firebase-adminsdk-fbsvc-dfadf2c690.json
2025-12-01 20:31:30.179 [restartedMain] INFO  c.e.demo.firebase.FirebaseConfig - >>> Firebase has been initialized successfully! <<<
2025-12-01 20:31:30.254 [restartedMain] INFO  o.s.b.a.w.s.WelcomePageHandlerMapping - Adding welcome page: class path resource [static/index.html]
2025-12-01 20:31:30.674 [restartedMain] INFO  o.s.b.d.a.OptionalLiveReloadServer - LiveReload server is running on port 35729
2025-12-01 20:31:30.737 [restartedMain] INFO  o.s.b.w.e.tomcat.TomcatWebServer - Tomcat started on port 8080 (http) with context path '/api'
2025-12-01 20:31:30.751 [restartedMain] INFO  com.example.demo.DemoApplication - Started DemoApplication in 3.212 seconds (process running for 3.835)
2025-12-01 20:31:56.740 [http-nio-8080-exec-1] INFO  o.a.c.c.C.[.[localhost].[/api] - Initializing Spring DispatcherServlet 'dispatcherServlet'
2025-12-01 20:31:56.741 [http-nio-8080-exec-1] INFO  o.s.web.servlet.DispatcherServlet - Initializing Servlet 'dispatcherServlet'
2025-12-01 20:31:56.742 [http-nio-8080-exec-1] INFO  o.s.web.servlet.DispatcherServlet - Completed initialization in 1 ms
2025-12-01 21:33:24.820 [File Watcher] INFO  o.s.b.d.a.LocalDevToolsAutoConfiguration$RestartingClassPathChangeChangedEventListener - Restarting due to 25 class path changes (0 additions, 5 deletions, 20 modifications)
2025-12-01 21:33:26.928 [restartedMain] INFO  com.example.demo.DemoApplication - Starting DemoApplication using Java 21.0.8 with PID 4036 (E:\Workspace\TrackSound\demo\target\classes started by Viet Anh in E:\Workspace\TrackSound\demo)
2025-12-01 21:33:26.928 [restartedMain] INFO  com.example.demo.DemoApplication - No active profile set, falling back to 1 default profile: "default"
2025-12-01 21:33:27.085 [restartedMain] INFO  o.s.b.w.e.tomcat.TomcatWebServer - Tomcat initialized with port 8080 (http)
2025-12-01 21:33:27.087 [restartedMain] INFO  o.a.catalina.core.StandardService - Starting service [Tomcat]
2025-12-01 21:33:27.087 [restartedMain] INFO  o.a.catalina.core.StandardEngine - Starting Servlet engine: [Apache Tomcat/10.1.25]
2025-12-01 21:33:27.106 [restartedMain] INFO  o.a.c.c.C.[.[localhost].[/api] - Initializing Spring embedded WebApplicationContext
2025-12-01 21:33:27.106 [restartedMain] INFO  o.s.b.w.s.c.ServletWebServerApplicationContext - Root WebApplicationContext: initialization completed in 176 ms
2025-12-01 21:33:27.118 [restartedMain] WARN  c.e.demo.firebase.FirebaseConfig - Firebase has already been initialized.
2025-12-01 21:33:27.139 [restartedMain] INFO  o.s.b.a.w.s.WelcomePageHandlerMapping - Adding welcome page: class path resource [static/index.html]
2025-12-01 21:33:27.185 [restartedMain] INFO  o.s.b.d.a.OptionalLiveReloadServer - LiveReload server is running on port 35729
2025-12-01 21:33:27.192 [restartedMain] INFO  o.s.b.w.e.tomcat.TomcatWebServer - Tomcat started on port 8080 (http) with context path '/api'
2025-12-01 21:33:27.195 [restartedMain] INFO  com.example.demo.DemoApplication - Started DemoApplication in 0.297 seconds (process running for 3720.279)
2025-12-01 21:33:27.196 [restartedMain] INFO  o.s.b.d.a.ConditionEvaluationDeltaLoggingListener - Condition evaluation unchanged
2025-12-01 21:33:29.582 [http-nio-8080-exec-1] INFO  o.a.c.c.C.[.[localhost].[/api] - Initializing Spring DispatcherServlet 'dispatcherServlet'
2025-12-01 21:33:29.582 [http-nio-8080-exec-1] INFO  o.s.web.servlet.DispatcherServlet - Initializing Servlet 'dispatcherServlet'
2025-12-01 21:33:29.583 [http-nio-8080-exec-1] INFO  o.s.web.servlet.DispatcherServlet - Completed initialization in 0 ms
2025-12-01 21:34:09.197 [File Watcher] INFO  o.s.b.d.a.LocalDevToolsAutoConfiguration$RestartingClassPathChangeChangedEventListener - Restarting due to 1 class path change (0 additions, 0 deletions, 1 modification)
2025-12-01 21:34:09.280 [restartedMain] INFO  com.example.demo.DemoApplication - Starting DemoApplication using Java 21.0.8 with PID 4036 (E:\Workspace\TrackSound\demo\target\classes started by Viet Anh in E:\Workspace\TrackSound\demo)
2025-12-01 21:34:09.280 [restartedMain] INFO  com.example.demo.DemoApplication - No active profile set, falling back to 1 default profile: "default"
2025-12-01 21:34:09.420 [restartedMain] INFO  o.s.b.w.e.tomcat.TomcatWebServer - Tomcat initialized with port 8080 (http)
2025-12-01 21:34:09.421 [restartedMain] INFO  o.a.catalina.core.StandardService - Starting service [Tomcat]
2025-12-01 21:34:09.421 [restartedMain] INFO  o.a.catalina.core.StandardEngine - Starting Servlet engine: [Apache Tomcat/10.1.25]
2025-12-01 21:34:09.440 [restartedMain] INFO  o.a.c.c.C.[.[localhost].[/api] - Initializing Spring embedded WebApplicationContext
2025-12-01 21:34:09.441 [restartedMain] INFO  o.s.b.w.s.c.ServletWebServerApplicationContext - Root WebApplicationContext: initialization completed in 159 ms
2025-12-01 21:34:09.453 [restartedMain] WARN  c.e.demo.firebase.FirebaseConfig - Firebase has already been initialized.
2025-12-01 21:34:09.465 [restartedMain] INFO  o.s.b.a.w.s.WelcomePageHandlerMapping - Adding welcome page: class path resource [static/index.html]
2025-12-01 21:34:09.500 [restartedMain] INFO  o.s.b.d.a.OptionalLiveReloadServer - LiveReload server is running on port 35729
2025-12-01 21:34:09.508 [restartedMain] INFO  o.s.b.w.e.tomcat.TomcatWebServer - Tomcat started on port 8080 (http) with context path '/api'
2025-12-01 21:34:09.511 [restartedMain] INFO  com.example.demo.DemoApplication - Started DemoApplication in 0.259 seconds (process running for 3762.594)
2025-12-01 21:34:09.512 [restartedMain] INFO  o.s.b.d.a.ConditionEvaluationDeltaLoggingListener - Condition evaluation unchanged
2025-12-01 21:34:14.758 [http-nio-8080-exec-1] INFO  o.a.c.c.C.[.[localhost].[/api] - Initializing Spring DispatcherServlet 'dispatcherServlet'
2025-12-01 21:34:14.759 [http-nio-8080-exec-1] INFO  o.s.web.servlet.DispatcherServlet - Initializing Servlet 'dispatcherServlet'
2025-12-01 21:34:14.760 [http-nio-8080-exec-1] INFO  o.s.web.servlet.DispatcherServlet - Completed initialization in 1 ms
2025-12-01 21:57:15.313 [File Watcher] INFO  o.s.b.d.a.LocalDevToolsAutoConfiguration$RestartingClassPathChangeChangedEventListener - Restarting due to 2 class path changes (0 additions, 0 deletions, 2 modifications)
2025-12-01 21:57:15.383 [restartedMain] INFO  com.example.demo.DemoApplication - Starting DemoApplication using Java 21.0.8 with PID 4036 (E:\Workspace\TrackSound\demo\target\classes started by Viet Anh in E:\Workspace\TrackSound\demo)
2025-12-01 21:57:15.383 [restartedMain] INFO  com.example.demo.DemoApplication - No active profile set, falling back to 1 default profile: "default"
2025-12-01 21:57:15.540 [restartedMain] INFO  o.s.b.w.e.tomcat.TomcatWebServer - Tomcat initialized with port 8080 (http)
2025-12-01 21:57:15.542 [restartedMain] INFO  o.a.catalina.core.StandardService - Starting service [Tomcat]
2025-12-01 21:57:15.542 [restartedMain] INFO  o.a.catalina.core.StandardEngine - Starting Servlet engine: [Apache Tomcat/10.1.25]
2025-12-01 21:57:15.559 [restartedMain] INFO  o.a.c.c.C.[.[localhost].[/api] - Initializing Spring embedded WebApplicationContext
2025-12-01 21:57:15.560 [restartedMain] INFO  o.s.b.w.s.c.ServletWebServerApplicationContext - Root WebApplicationContext: initialization completed in 175 ms
2025-12-01 21:57:15.569 [restartedMain] WARN  c.e.demo.firebase.FirebaseConfig - Firebase has already been initialized.
2025-12-01 21:57:15.583 [restartedMain] INFO  o.s.b.a.w.s.WelcomePageHandlerMapping - Adding welcome page: class path resource [static/index.html]
2025-12-01 21:57:15.621 [restartedMain] INFO  o.s.b.d.a.OptionalLiveReloadServer - LiveReload server is running on port 35729
2025-12-01 21:57:15.628 [restartedMain] INFO  o.s.b.w.e.tomcat.TomcatWebServer - Tomcat started on port 8080 (http) with context path '/api'
2025-12-01 21:57:15.629 [restartedMain] INFO  com.example.demo.DemoApplication - Started DemoApplication in 0.271 seconds (process running for 5148.714)
2025-12-01 21:57:15.630 [restartedMain] INFO  o.s.b.d.a.ConditionEvaluationDeltaLoggingListener - Condition evaluation unchanged
2025-12-01 21:58:05.815 [File Watcher] INFO  o.s.b.d.a.LocalDevToolsAutoConfiguration$RestartingClassPathChangeChangedEventListener - Restarting due to 1 class path change (0 additions, 0 deletions, 1 modification)
2025-12-01 21:58:05.893 [restartedMain] INFO  com.example.demo.DemoApplication - Starting DemoApplication using Java 21.0.8 with PID 4036 (E:\Workspace\TrackSound\demo\target\classes started by Viet Anh in E:\Workspace\TrackSound\demo)
2025-12-01 21:58:05.893 [restartedMain] INFO  com.example.demo.DemoApplication - No active profile set, falling back to 1 default profile: "default"
2025-12-01 21:58:06.038 [restartedMain] INFO  o.s.b.w.e.tomcat.TomcatWebServer - Tomcat initialized with port 8080 (http)
2025-12-01 21:58:06.040 [restartedMain] INFO  o.a.catalina.core.StandardService - Starting service [Tomcat]
2025-12-01 21:58:06.040 [restartedMain] INFO  o.a.catalina.core.StandardEngine - Starting Servlet engine: [Apache Tomcat/10.1.25]
2025-12-01 21:58:06.064 [restartedMain] INFO  o.a.c.c.C.[.[localhost].[/api] - Initializing Spring embedded WebApplicationContext
2025-12-01 21:58:06.064 [restartedMain] INFO  o.s.b.w.s.c.ServletWebServerApplicationContext - Root WebApplicationContext: initialization completed in 170 ms
2025-12-01 21:58:06.082 [restartedMain] WARN  c.e.demo.firebase.FirebaseConfig - Firebase has already been initialized.
2025-12-01 21:58:06.093 [restartedMain] INFO  o.s.b.a.w.s.WelcomePageHandlerMapping - Adding welcome page: class path resource [static/index.html]
2025-12-01 21:58:06.126 [restartedMain] INFO  o.s.b.d.a.OptionalLiveReloadServer - LiveReload server is running on port 35729
2025-12-01 21:58:06.133 [restartedMain] INFO  o.s.b.w.e.tomcat.TomcatWebServer - Tomcat started on port 8080 (http) with context path '/api'
2025-12-01 21:58:06.136 [restartedMain] INFO  com.example.demo.DemoApplication - Started DemoApplication in 0.272 seconds (process running for 5199.22)
2025-12-01 21:58:06.137 [restartedMain] INFO  o.s.b.d.a.ConditionEvaluationDeltaLoggingListener - Condition evaluation unchanged
2025-12-01 21:58:09.570 [File Watcher] INFO  o.s.b.d.a.LocalDevToolsAutoConfiguration$RestartingClassPathChangeChangedEventListener - Restarting due to 1 class path change (0 additions, 0 deletions, 1 modification)
2025-12-01 21:58:09.646 [restartedMain] INFO  com.example.demo.DemoApplication - Starting DemoApplication using Java 21.0.8 with PID 4036 (E:\Workspace\TrackSound\demo\target\classes started by Viet Anh in E:\Workspace\TrackSound\demo)
2025-12-01 21:58:09.647 [restartedMain] INFO  com.example.demo.DemoApplication - No active profile set, falling back to 1 default profile: "default"
2025-12-01 21:58:09.771 [restartedMain] INFO  o.s.b.w.e.tomcat.TomcatWebServer - Tomcat initialized with port 8080 (http)
2025-12-01 21:58:09.771 [restartedMain] INFO  o.a.catalina.core.StandardService - Starting service [Tomcat]
2025-12-01 21:58:09.771 [restartedMain] INFO  o.a.catalina.core.StandardEngine - Starting Servlet engine: [Apache Tomcat/10.1.25]
2025-12-01 21:58:09.789 [restartedMain] INFO  o.a.c.c.C.[.[localhost].[/api] - Initializing Spring embedded WebApplicationContext
2025-12-01 21:58:09.789 [restartedMain] INFO  o.s.b.w.s.c.ServletWebServerApplicationContext - Root WebApplicationContext: initialization completed in 140 ms
2025-12-01 21:58:09.800 [restartedMain] WARN  c.e.demo.firebase.FirebaseConfig - Firebase has already been initialized.
2025-12-01 21:58:09.807 [restartedMain] INFO  o.s.b.a.w.s.WelcomePageHandlerMapping - Adding welcome page: class path resource [static/index.html]
2025-12-01 21:58:09.833 [restartedMain] INFO  o.s.b.d.a.OptionalLiveReloadServer - LiveReload server is running on port 35729
2025-12-01 21:58:09.837 [restartedMain] INFO  o.s.b.w.e.tomcat.TomcatWebServer - Tomcat started on port 8080 (http) with context path '/api'
2025-12-01 21:58:09.841 [restartedMain] INFO  com.example.demo.DemoApplication - Started DemoApplication in 0.22 seconds (process running for 5202.925)
2025-12-01 21:58:09.842 [restartedMain] INFO  o.s.b.d.a.ConditionEvaluationDeltaLoggingListener - Condition evaluation unchanged
2025-12-01 21:58:51.976 [File Watcher] INFO  o.s.b.d.a.LocalDevToolsAutoConfiguration$RestartingClassPathChangeChangedEventListener - Restarting due to 1 class path change (0 additions, 0 deletions, 1 modification)
2025-12-01 21:58:52.093 [restartedMain] INFO  com.example.demo.DemoApplication - Starting DemoApplication using Java 21.0.8 with PID 4036 (E:\Workspace\TrackSound\demo\target\classes started by Viet Anh in E:\Workspace\TrackSound\demo)
2025-12-01 21:58:52.093 [restartedMain] INFO  com.example.demo.DemoApplication - No active profile set, falling back to 1 default profile: "default"
2025-12-01 21:58:52.215 [restartedMain] INFO  o.s.b.w.e.tomcat.TomcatWebServer - Tomcat initialized with port 8080 (http)
2025-12-01 21:58:52.216 [restartedMain] INFO  o.a.catalina.core.StandardService - Starting service [Tomcat]
2025-12-01 21:58:52.217 [restartedMain] INFO  o.a.catalina.core.StandardEngine - Starting Servlet engine: [Apache Tomcat/10.1.25]
2025-12-01 21:58:52.236 [restartedMain] INFO  o.a.c.c.C.[.[localhost].[/api] - Initializing Spring embedded WebApplicationContext
2025-12-01 21:58:52.237 [restartedMain] INFO  o.s.b.w.s.c.ServletWebServerApplicationContext - Root WebApplicationContext: initialization completed in 141 ms
2025-12-01 21:58:52.252 [restartedMain] WARN  c.e.demo.firebase.FirebaseConfig - Firebase has already been initialized.
2025-12-01 21:58:52.264 [restartedMain] INFO  o.s.b.a.w.s.WelcomePageHandlerMapping - Adding welcome page: class path resource [static/index.html]
2025-12-01 21:58:52.307 [restartedMain] INFO  o.s.b.d.a.OptionalLiveReloadServer - LiveReload server is running on port 35729
2025-12-01 21:58:52.312 [restartedMain] INFO  o.s.b.w.e.tomcat.TomcatWebServer - Tomcat started on port 8080 (http) with context path '/api'
2025-12-01 21:58:52.315 [restartedMain] INFO  com.example.demo.DemoApplication - Started DemoApplication in 0.25 seconds (process running for 5245.399)
2025-12-01 21:58:52.315 [restartedMain] INFO  o.s.b.d.a.ConditionEvaluationDeltaLoggingListener - Condition evaluation unchanged
2025-12-01 21:58:54.739 [File Watcher] INFO  o.s.b.d.a.LocalDevToolsAutoConfiguration$RestartingClassPathChangeChangedEventListener - Restarting due to 1 class path change (0 additions, 0 deletions, 1 modification)
